[dd.trace 2022-07-26 07:01:21:105 +0000] [dd-task-scheduler] INFO datadog.trace.agent.core.StatusLogger - DATADOG TRACER CONFIGURATION {"version":"0.104.0~a17ff6ca7f","os_name":"Linux","os_version":"5.4.0-1085-azure","architecture":"amd64","lang":"jvm","lang_version":"11.0.15","jvm_vendor":"IBM Corporation","jvm_version":"openj9-0.32.0","java_class_version":"55.0","http_nonProxyHosts":"null","http_proxyHost":"null","enabled":true,"service":"demoapp","agent_url":"http://10.224.0.4:8126","agent_error":true,"debug":false,"analytics_enabled":false,"sample_rate":1.0,"sampling_rules":[{},{}],"priority_sampling_enabled":true,"logs_correlation_enabled":true,"profiling_enabled":true,"appsec_enabled":false,"dd_version":"0.104.0~a17ff6ca7f","health_checks_enabled":true,"configuration_file":"no config file present","runtime_id":"50178bea-a266-460c-8048-9c046159d316","logging_settings":{"levelInBrackets":false,"dateTimeFormat":"'[dd.trace 'yyyy-MM-dd HH:mm:ss:SSS Z']'","logFile":"System.err","configurationFile":"simplelogger.properties","showShortLogName":false,"showDateTime":true,"showLogName":true,"showThreadName":true,"defaultLogLevel":"INFO","warnLevelString":"WARN","embedException":false},"cws_enabled":false,"cws_tls_refresh":5000}
Launching defaultServer (Open Liberty 22.0.0.5/wlp-1.0.64.cl220520220425-0301) on Eclipse OpenJ9 VM, version 11.0.15+10 (en_US)
[7/26/22, 7:01:22:707 UTC] 00000001 com.ibm.ws.kernel.launch.internal.FrameworkManager           A CWWKE0001I: The server defaultServer has been launched.
[7/26/22, 7:01:26:811 UTC] 00000028 com.ibm.ws.config.xml.internal.ServerXMLConfiguration        A CWWKG0093A: Processing configuration drop-ins resource: /opt/ol/wlp/usr/servers/defaultServer/configDropins/defaults/keystore.xml
[7/26/22, 7:01:26:895 UTC] 00000028 com.ibm.ws.config.xml.internal.ServerXMLConfiguration        A CWWKG0093A: Processing configuration drop-ins resource: /opt/ol/wlp/usr/servers/defaultServer/configDropins/defaults/open-default-port.xml
[7/26/22, 7:01:27:432 UTC] 00000001 com.ibm.ws.kernel.launch.internal.FrameworkManager           I CWWKE0002I: The kernel started after 6.215 seconds[7/26/22, 7:01:27:444 UTC] 00000031 com.ibm.ws.kernel.feature.internal.FeatureManager            I CWWKF0007I: Feature update started.
[7/26/22, 7:01:27:812 UTC] 00000027 .apache.cxf.cxf.core.3.2:1.0.64.cl220520220425-0301(id=181)] I Aries Blueprint packages not available. So namespaces will not be registered
[7/26/22, 7:01:27:943 UTC] 00000026 com.ibm.ws.security.ready.internal.SecurityReadyServiceImpl  I CWWKS0007I: The security service is starting...
[7/26/22, 7:01:28:572 UTC] 00000028 com.ibm.ws.app.manager.internal.monitor.DropinMonitor        A CWWKZ0058I: Monitoring dropins for applications.
[7/26/22, 7:01:30:492 UTC] 00000028 com.ibm.ws.cache.ServerCache                                 I DYNA1001I: WebSphere Dynamic Cache instance named baseCache initialized successfully.
[7/26/22, 7:01:30:513 UTC] 00000028 com.ibm.ws.cache.ServerCache                                 I DYNA1071I: The cache provider default is being used.
[7/26/22, 7:01:30:529 UTC] 00000028 com.ibm.ws.cache.CacheServiceImpl                            I DYNA1056I: Dynamic Cache (object cache) initialized successfully.
[7/26/22, 7:01:31:581 UTC] 0000002d com.ibm.ws.ssl.config.WSKeyStore                             I CWPKI0802I: Creating the SSL certificate. This may take a few seconds.
[7/26/22, 7:01:31:700 UTC] 00000034 com.ibm.ws.security.token.ltpa.LTPAKeyInfoManager            I CWWKS4103I: Creating the LTPA keys. This may take a few seconds.
[7/26/22, 7:01:31:876 UTC] 00000026 ibm.ws.security.authentication.internal.jaas.JAASServiceImpl I CWWKS1123I: The collective authentication plugin with class name NullCollectiveAuthenticationPlugin has been activated.
[7/26/22, 7:01:33:966 UTC] 00000026 com.ibm.ws.session.WASSessionCore                            I SESN8501I: The session manager did not find a persistent storage location; HttpSession objects will be stored in the local application server's memory.
[7/26/22, 7:01:34:386 UTC] 00000026 .microprofile.metrics.internal.monitor.MonitorMetricsHandler I CWPMI2003I: Monitoring metrics can be retrieved through mpMetrics.
[7/26/22, 7:01:35:631 UTC] 00000034 com.ibm.ws.security.token.ltpa.LTPAKeyInfoManager            A CWWKS4104A: LTPA keys created in 3.931 seconds. LTPA key file: /opt/ol/wlp/output/defaultServer/resources/security/ltpa.keys
[7/26/22, 7:01:35:710 UTC] 00000034 com.ibm.ws.security.token.ltpa.internal.LTPAKeyCreateTask    I CWWKS4105I: LTPA configuration is ready after 4.013 seconds.
[7/26/22, 7:01:36:167 UTC] 0000002d com.ibm.ws.ssl.config.WSKeyStore                             A CWPKI0803A: SSL certificate created in 4.586 seconds. SSL key file: /opt/ol/wlp/output/defaultServer/resources/security/key.p12
[7/26/22, 7:01:36:170 UTC] 0000002d com.ibm.ws.ssl.config.WSKeyStore                             I Successfully loaded default keystore: /opt/ol/wlp/output/defaultServer/resources/security/key.p12 of type: PKCS12
[7/26/22, 7:01:37:112 UTC] 00000032 com.ibm.ws.webcontainer.osgi.webapp.WebGroup                 I SRVE0169I: Loading Web Module: PublicMicroProfileMetrics.
[7/26/22, 7:01:37:115 UTC] 00000032 com.ibm.ws.webcontainer                                      I SRVE0250I: Web Module PublicMicroProfileMetrics has been bound to default_host.
[7/26/22, 7:01:37:119 UTC] 00000032 com.ibm.ws.http.internal.VirtualHostImpl                     A CWWKT0016I: Web application available (default_host): http://demoapp-594b8f8684-9pfqj:9080/metrics/
[7/26/22, 7:01:37:130 UTC] 00000034 com.ibm.ws.webcontainer.osgi.webapp.WebGroup                 I SRVE0169I: Loading Web Module: ibm/api.
[7/26/22, 7:01:37:131 UTC] 00000034 com.ibm.ws.webcontainer                                      I SRVE0250I: Web Module ibm/api has been bound to default_host.
[7/26/22, 7:01:37:132 UTC] 00000034 com.ibm.ws.http.internal.VirtualHostImpl                     A CWWKT0016I: Web application available (default_host): http://demoapp-594b8f8684-9pfqj:9080/ibm/api/
[7/26/22, 7:01:37:132 UTC] 00000033 com.ibm.ws.webcontainer.osgi.webapp.WebGroup                 I SRVE0169I: Loading Web Module: health.
[7/26/22, 7:01:37:134 UTC] 00000033 com.ibm.ws.webcontainer                                      I SRVE0250I: Web Module health has been bound to default_host.
[7/26/22, 7:01:37:134 UTC] 00000033 com.ibm.ws.http.internal.VirtualHostImpl                     A CWWKT0016I: Web application available (default_host): http://demoapp-594b8f8684-9pfqj:9080/health/
[7/26/22, 7:01:37:216 UTC] 00000034 com.ibm.ws.app.manager.AppMessageHelper                      I CWWKZ0018I: Starting application io.openliberty.sample.getting.started.
[7/26/22, 7:01:37:613 UTC] 00000032 com.ibm.ws.session.WASSessionCore                            I SESN0176I: A new session context will be created for application key default_host/health
[7/26/22, 7:01:37:621 UTC] 00000033 com.ibm.ws.session.WASSessionCore                            I SESN0176I: A new session context will be created for application key default_host/ibm/api
[7/26/22, 7:01:37:648 UTC] 00000045 com.ibm.ws.session.WASSessionCore                            I SESN0176I: A new session context will be created for application key default_host/metrics
[7/26/22, 7:01:37:856 UTC] 00000032 com.ibm.ws.util                                              I SESN0172I: The session manager is using the Java default SecureRandom implementation for session ID generation.
[7/26/22, 7:01:37:945 UTC] 00000033 com.ibm.ws.util                                              I SESN0172I: The session manager is using the Java default SecureRandom implementation for session ID generation.
[7/26/22, 7:01:37:950 UTC] 00000045 com.ibm.ws.util                                              I SESN0172I: The session manager is using the Java default SecureRandom implementation for session ID generation.
[7/26/22, 7:01:38:485 UTC] 00000034 org.jboss.weld.Version                                       I WELD-000900: 3.1.9 (Final)
[7/26/22, 7:01:38:494 UTC] 00000032 com.ibm.ws.cache.CacheServiceImpl                            I DYNA1056I: Dynamic Cache (object cache) initialized successfully.
[7/26/22, 7:01:38:605 UTC] 00000032 com.ibm.ws.webcontainer.servlet                              I SRVE0242I: [io.openliberty.microprofile.health.3.1.internal] [/health] [HealthCheckReadinessServlet]: Initialization successful.
[7/26/22, 7:01:38:607 UTC] 00000032 com.ibm.ws.webcontainer.servlet                              I SRVE0242I: [io.openliberty.microprofile.health.3.1.internal] [/health] [HealthCheckServlet]: Initialization successful.
[7/26/22, 7:01:38:609 UTC] 00000032 com.ibm.ws.webcontainer.servlet                              I SRVE0242I: [io.openliberty.microprofile.health.3.1.internal] [/health] [HealthCheckStartupServlet]: Initialization successful.
[7/26/22, 7:01:38:610 UTC] 00000032 com.ibm.ws.webcontainer.servlet                              I SRVE0242I: [io.openliberty.microprofile.health.3.1.internal] [/health] [HealthCheckLivenessServlet]: Initialization successful.
[7/26/22, 7:01:38:709 UTC] 00000045 com.ibm.ws.webcontainer.servlet                              I SRVE0242I: [io.openliberty.microprofile.metrics.internal.public] [/metrics] [PublicMetricsRESTProxyServlet]: Initialization successful.
[7/26/22, 7:01:38:744 UTC] 00000046 com.ibm.ws.webcontainer.osgi.mbeans.PluginGenerator          I SRVE9103I: A configuration file for a web server plugin was automatically generated for this server at /opt/ol/wlp/output/defaultServer/logs/state/plugin-cfg.xml.
[7/26/22, 7:01:39:736 UTC] 00000034 com.ibm.ws.webcontainer.osgi.webapp.WebGroup                 I SRVE0169I: Loading Web Module: Liberty Project.
[7/26/22, 7:01:39:736 UTC] 00000034 com.ibm.ws.webcontainer                                      I SRVE0250I: Web Module Liberty Project has been bound to default_host.
[7/26/22, 7:01:39:737 UTC] 00000034 com.ibm.ws.http.internal.VirtualHostImpl                     A CWWKT0016I: Web application available (default_host): http://demoapp-594b8f8684-9pfqj:9080/
[7/26/22, 7:01:39:745 UTC] 00000046 com.ibm.ws.session.WASSessionCore                            I SESN0176I: A new session context will be created for application key default_host/
[7/26/22, 7:01:39:747 UTC] 00000046 com.ibm.ws.util                                              I SESN0172I: The session manager is using the Java default SecureRandom implementation for session ID generation.
[7/26/22, 7:01:39:796 UTC] 00000033 com.ibm.ws.webcontainer.osgi.mbeans.PluginGenerator          I SRVE9103I: A configuration file for a web server plugin was automatically generated for this server at /opt/ol/wlp/output/defaultServer/logs/state/plugin-cfg.xml.
[7/26/22, 7:01:39:816 UTC] 00000046 com.ibm.ws.app.manager.AppMessageHelper                      A CWWKZ0001I: Application io.openliberty.sample.getting.started started in 2.601 seconds.
[7/26/22, 7:01:39:831 UTC] 00000031 com.ibm.ws.tcpchannel.internal.TCPPort                       I CWWKO0219I: TCP Channel defaultHttpEndpoint has been started and is now listening for requests on host *  (IPv6) port 9080.
[7/26/22, 7:01:39:834 UTC] 00000031 com.ibm.ws.tcpchannel.internal.TCPPort                       I CWWKO0219I: TCP Channel defaultHttpEndpoint-ssl has been started and is now listening for requests on host *  (IPv6) port 9443.
[7/26/22, 7:01:39:842 UTC] 00000031 com.ibm.ws.kernel.feature.internal.FeatureManager            A CWWKF0012I: The server installed the following features: [cdi-2.0, distributedMap-1.0, jaxrs-2.1, jaxrsClient-2.1, jndi-1.0, json-1.0, jsonp-1.1, monitor-1.0, mpConfig-2.0, mpHealth-3.1, mpMetrics-3.0, servlet-4.0, ssl-1.0].
[7/26/22, 7:01:39:842 UTC] 00000031 com.ibm.ws.kernel.feature.internal.FeatureManager            I CWWKF0008I: Feature update completed in 12.414 seconds.
[7/26/22, 7:01:39:842 UTC] 00000031 com.ibm.ws.kernel.feature.internal.FeatureManager            A CWWKF0011I: The defaultServer server is ready to run a smarter planet. The defaultServer server started in 18.626 seconds.
[dd.trace 2022-07-26 07:03:25:300 +0000] [OkHttp http://10.224.0.4:8126/...] WARN com.datadog.profiling.uploader.ProfileUploader - Failed to upload profile to http://10.224.0.4:8126/profiling/v1/input java.net.ConnectException: Failed to connect to /10.224.0.4:8126 (Will not log errors for 5 minutes)